CompanionOS/android/CompanionApp/app/build/intermediates/manifest_merge_blame_file/release/manifest-merger-blame-release-report.txt
1<?xml version="1.0" encoding="utf-8"?>
2<manifest xmlns:android="http://schemas.android.com/apk/res/android"
3    package="com.companionos.app"
4    android:versionCode="1"
5    android:versionName="7.0.0" >
6
7    <uses-sdk
8        android:minSdkVersion="26"
9        android:targetSdkVersion="34" />
10
11    <!-- Network & Communication Permissions -->
12    <uses-permission android:name="android.permission.INTERNET" />
12-->src\main\AndroidManifest.xml:6:5-67
12-->src\main\AndroidManifest.xml:6:22-64
13    <uses-permission android:name="android.permission.ACCESS_NETWORK_STATE" />
13-->src\main\AndroidManifest.xml:7:5-79
13-->src\main\AndroidManifest.xml:7:22-76
14    <uses-permission android:name="android.permission.ACCESS_WIFI_STATE" />
14-->src\main\AndroidManifest.xml:8:5-76
14-->src\main\AndroidManifest.xml:8:22-73
15    <uses-permission android:name="android.permission.CHANGE_WIFI_MULTICAST_STATE" />
15-->src\main\AndroidManifest.xml:9:5-86
15-->src\main\AndroidManifest.xml:9:22-83
16    <uses-permission android:name="android.permission.CHANGE_WIFI_STATE" />
16-->src\main\AndroidManifest.xml:10:5-76
16-->src\main\AndroidManifest.xml:10:22-73
17    <uses-permission android:name="android.permission.ACCESS_FINE_LOCATION" />
17-->src\main\AndroidManifest.xml:11:5-79
17-->src\main\AndroidManifest.xml:11:22-76
18    <uses-permission android:name="android.permission.ACCESS_COARSE_LOCATION" />
18-->src\main\AndroidManifest.xml:12:5-81
18-->src\main\AndroidManifest.xml:12:22-78
19
20    <!-- Bluetooth Off-Network Discovery Permissions -->
21    <uses-permission android:name="android.permission.BLUETOOTH" />
21-->src\main\AndroidManifest.xml:15:5-68
21-->src\main\AndroidManifest.xml:15:22-65
22    <uses-permission android:name="android.permission.BLUETOOTH_ADMIN" />
22-->src\main\AndroidManifest.xml:16:5-74
22-->src\main\AndroidManifest.xml:16:22-71
23    <uses-permission android:name="android.permission.BLUETOOTH_CONNECT" />
23-->src\main\AndroidManifest.xml:17:5-76
23-->src\main\AndroidManifest.xml:17:22-73
24    <uses-permission android:name="android.permission.BLUETOOTH_SCAN" />
24-->src\main\AndroidManifest.xml:18:5-73
24-->src\main\AndroidManifest.xml:18:22-70
25
26    <!-- 24/7 Background Execution Permissions -->
27    <uses-permission android:name="android.permission.FOREGROUND_SERVICE" />
27-->src\main\AndroidManifest.xml:21:5-77
27-->src\main\AndroidManifest.xml:21:22-74
28    <uses-permission android:name="android.permission.FOREGROUND_SERVICE_CONNECTED_DEVICE" />
28-->src\main\AndroidManifest.xml:22:5-94
28-->src\main\AndroidManifest.xml:22:22-91
29    <uses-permission android:name="android.permission.FOREGROUND_SERVICE_MEDIA_PLAYBACK" />
29-->src\main\AndroidManifest.xml:23:5-92
29-->src\main\AndroidManifest.xml:23:22-89
30    <uses-permission android:name="android.permission.POST_NOTIFICATIONS" />
30-->src\main\AndroidManifest.xml:24:5-77
30-->src\main\AndroidManifest.xml:24:22-74
31    <uses-permission android:name="android.permission.WAKE_LOCK" />
31-->src\main\AndroidManifest.xml:25:5-68
31-->src\main\AndroidManifest.xml:25:22-65
32    <uses-permission android:name="android.permission.RECEIVE_BOOT_COMPLETED" />
32-->src\main\AndroidManifest.xml:26:5-81
32-->src\main\AndroidManifest.xml:26:22-78
33    <uses-permission android:name="android.permission.REQUEST_IGNORE_BATTERY_OPTIMIZATIONS" />
33-->src\main\AndroidManifest.xml:27:5-95
33-->src\main\AndroidManifest.xml:27:22-92
34
35    <permission
35-->[androidx.core:core:1.12.0] AndroidManifest.xml:22:5-24:47
36        android:name="com.companionos.app.DYNAMIC_RECEIVER_NOT_EXPORTED_PERMISSION"
36-->[androidx.core:core:1.12.0] AndroidManifest.xml:23:9-81
37        android:protectionLevel="signature" />
37-->[androidx.core:core:1.12.0] AndroidManifest.xml:24:9-44
38
39    <uses-permission android:name="com.companionos.app.DYNAMIC_RECEIVER_NOT_EXPORTED_PERMISSION" />
39-->[androidx.core:core:1.12.0] AndroidManifest.xml:26:5-97
39-->[androidx.core:core:1.12.0] AndroidManifest.xml:26:22-94
40
41    <application
41-->src\main\AndroidManifest.xml:29:5-75:19
42        android:allowBackup="true"
42-->src\main\AndroidManifest.xml:30:9-35
43        android:appComponentFactory="androidx.core.app.CoreComponentFactory"
43-->[androidx.core:core:1.12.0] AndroidManifest.xml:28:18-86
44        android:extractNativeLibs="false"
45        android:icon="@mipmap/ic_launcher"
45-->src\main\AndroidManifest.xml:31:9-43
46        android:label="@string/app_name"
46-->src\main\AndroidManifest.xml:33:9-41
47        android:roundIcon="@mipmap/ic_launcher_round"
47-->src\main\AndroidManifest.xml:32:9-54
48        android:supportsRtl="true"
48-->src\main\AndroidManifest.xml:34:9-35
49        android:theme="@style/Theme.CompanionOS"
49-->src\main\AndroidManifest.xml:35:9-49
50        android:usesCleartextTraffic="true" >
50-->src\main\AndroidManifest.xml:36:9-44
51        <activity
51-->src\main\AndroidManifest.xml:39:9-49:20
52            android:name="com.companionos.app.MainActivity"
52-->src\main\AndroidManifest.xml:40:13-41
53            android:configChanges="orientation|screenSize|keyboardHidden"
53-->src\main\AndroidManifest.xml:42:13-74
54            android:exported="true"
54-->src\main\AndroidManifest.xml:41:13-36
55            android:theme="@style/Theme.CompanionOS"
55-->src\main\AndroidManifest.xml:44:13-53
56            android:windowSoftInputMode="adjustResize" >
56-->src\main\AndroidManifest.xml:43:13-55
57            <intent-filter>
57-->src\main\AndroidManifest.xml:45:13-48:29
58                <action android:name="android.intent.action.MAIN" />
58-->src\main\AndroidManifest.xml:46:17-69
58-->src\main\AndroidManifest.xml:46:25-66
59
60                <category android:name="android.intent.category.LAUNCHER" />
60-->src\main\AndroidManifest.xml:47:17-77
60-->src\main\AndroidManifest.xml:47:27-74
61            </intent-filter>
62        </activity>
63
64        <!-- 24/7 Companion Master Background Service -->
65        <service
65-->src\main\AndroidManifest.xml:52:9-55:77
66            android:name="com.companionos.app.CompanionForegroundService"
66-->src\main\AndroidManifest.xml:53:13-55
67            android:exported="false"
67-->src\main\AndroidManifest.xml:54:13-37
68            android:foregroundServiceType="connectedDevice|mediaPlayback" />
68-->src\main\AndroidManifest.xml:55:13-74
69
70        <!-- Media Session & Notification Interceptor Relay -->
71        <service
71-->src\main\AndroidManifest.xml:58:9-65:19
72            android:name="com.companionos.app.CompanionNotificationListenerService"
72-->src\main\AndroidManifest.xml:59:13-65
73            android:exported="true"
73-->src\main\AndroidManifest.xml:61:13-36
74            android:permission="android.permission.BIND_NOTIFICATION_LISTENER_SERVICE" >
74-->src\main\AndroidManifest.xml:60:13-87
75            <intent-filter>
75-->src\main\AndroidManifest.xml:62:13-64:29
76                <action android:name="android.service.notification.NotificationListenerService" />
76-->src\main\AndroidManifest.xml:63:17-99
76-->src\main\AndroidManifest.xml:63:25-96
77            </intent-filter>
78        </service>
79
80        <receiver
80-->src\main\AndroidManifest.xml:67:9-73:20
81            android:name="com.companionos.app.BootReceiver"
81-->src\main\AndroidManifest.xml:68:13-41
82            android:exported="true" >
82-->src\main\AndroidManifest.xml:69:13-36
83            <intent-filter>
83-->src\main\AndroidManifest.xml:70:13-72:29
84                <action android:name="android.intent.action.BOOT_COMPLETED" />
84-->src\main\AndroidManifest.xml:71:17-79
84-->src\main\AndroidManifest.xml:71:25-76
85            </intent-filter>
86        </receiver>
87
88        <provider
88-->[androidx.emoji2:emoji2:1.2.0] AndroidManifest.xml:24:9-32:20
89            android:name="androidx.startup.InitializationProvider"
89-->[androidx.emoji2:emoji2:1.2.0] AndroidManifest.xml:25:13-67
90            android:authorities="com.companionos.app.androidx-startup"
90-->[androidx.emoji2:emoji2:1.2.0] AndroidManifest.xml:26:13-68
91            android:exported="false" >
91-->[androidx.emoji2:emoji2:1.2.0] AndroidManifest.xml:27:13-37
92            <meta-data
92-->[androidx.emoji2:emoji2:1.2.0] AndroidManifest.xml:29:13-31:52
93                android:name="androidx.emoji2.text.EmojiCompatInitializer"
93-->[androidx.emoji2:emoji2:1.2.0] AndroidManifest.xml:30:17-75
94                android:value="androidx.startup" />
94-->[androidx.emoji2:emoji2:1.2.0] AndroidManifest.xml:31:17-49
95            <meta-data
95-->[androidx.lifecycle:lifecycle-process:2.6.1] AndroidManifest.xml:29:13-31:52
96                android:name="androidx.lifecycle.ProcessLifecycleInitializer"
96-->[androidx.lifecycle:lifecycle-process:2.6.1] AndroidManifest.xml:30:17-78
97                android:value="androidx.startup" />
97-->[androidx.lifecycle:lifecycle-process:2.6.1] AndroidManifest.xml:31:17-49
98            <meta-data
98-->[androidx.profileinstaller:profileinstaller:1.3.0] AndroidManifest.xml:29:13-31:52
99                android:name="androidx.profileinstaller.ProfileInstallerInitializer"
99-->[androidx.profileinstaller:profileinstaller:1.3.0] AndroidManifest.xml:30:17-85
100                android:value="androidx.startup" />
100-->[androidx.profileinstaller:profileinstaller:1.3.0] AndroidManifest.xml:31:17-49
101        </provider>
102
103        <receiver
103-->[androidx.profileinstaller:profileinstaller:1.3.0] AndroidManifest.xml:34:9-52:20
104            android:name="androidx.profileinstaller.ProfileInstallReceiver"
104-->[androidx.profileinstaller:profileinstaller:1.3.0] AndroidManifest.xml:35:13-76
105            android:directBootAware="false"
105-->[androidx.profileinstaller:profileinstaller:1.3.0] AndroidManifest.xml:36:13-44
106            android:enabled="true"
106-->[androidx.profileinstaller:profileinstaller:1.3.0] AndroidManifest.xml:37:13-35
107            android:exported="true"
107-->[androidx.profileinstaller:profileinstaller:1.3.0] AndroidManifest.xml:38:13-36
108            android:permission="android.permission.DUMP" >
108-->[androidx.profileinstaller:profileinstaller:1.3.0] AndroidManifest.xml:39:13-57
109            <intent-filter>
109-->[androidx.profileinstaller:profileinstaller:1.3.0] AndroidManifest.xml:40:13-42:29
110                <action android:name="androidx.profileinstaller.action.INSTALL_PROFILE" />
110-->[androidx.profileinstaller:profileinstaller:1.3.0] AndroidManifest.xml:41:17-91
110-->[androidx.profileinstaller:profileinstaller:1.3.0] AndroidManifest.xml:41:25-88
111            </intent-filter>
112            <intent-filter>
112-->[androidx.profileinstaller:profileinstaller:1.3.0] AndroidManifest.xml:43:13-45:29
113                <action android:name="androidx.profileinstaller.action.SKIP_FILE" />
113-->[androidx.profileinstaller:profileinstaller:1.3.0] AndroidManifest.xml:44:17-85
113-->[androidx.profileinstaller:profileinstaller:1.3.0] AndroidManifest.xml:44:25-82
114            </intent-filter>
115            <intent-filter>
115-->[androidx.profileinstaller:profileinstaller:1.3.0] AndroidManifest.xml:46:13-48:29
116                <action android:name="androidx.profileinstaller.action.SAVE_PROFILE" />
116-->[androidx.profileinstaller:profileinstaller:1.3.0] AndroidManifest.xml:47:17-88
116-->[androidx.profileinstaller:profileinstaller:1.3.0] AndroidManifest.xml:47:25-85
117            </intent-filter>
118            <intent-filter>
118-->[androidx.profileinstaller:profileinstaller:1.3.0] AndroidManifest.xml:49:13-51:29
119                <action android:name="androidx.profileinstaller.action.BENCHMARK_OPERATION" />
119-->[androidx.profileinstaller:profileinstaller:1.3.0] AndroidManifest.xml:50:17-95
119-->[androidx.profileinstaller:profileinstaller:1.3.0] AndroidManifest.xml:50:25-92
120            </intent-filter>
121        </receiver>
122    </application>
123
124</manifest>